<?xml version="1.0" encoding="UTF-8"?>
<robot generator="Robot 6.0.2 (Python 3.11.2 on win32)" generated="20240411 12:32:59.366" rpa="false" schemaversion="3">
<suite id="s1" name="projetoGlobo" source="C:\Users\Time L\Desktop\projetoGlobo">
<suite id="s1-s1" name="Test" source="C:\Users\Time L\Desktop\projetoGlobo\test.robot">
<test id="s1-s1-t1" name="TESTE GLOBO" line="8">
<kw name="Dado que eu acesso o site do globo" library="keywords">
<kw name="Open Browser" library="SeleniumLibrary">
<arg>${URL}</arg>
<arg>${BROWSER}</arg>
<doc>Opens a new browser instance to the optional ``url``.</doc>
<msg timestamp="20240411 12:32:59.815" level="INFO">Opening browser 'Edge' to base url 'https://www.globo.com'.</msg>
<status status="PASS" starttime="20240411 12:32:59.812" endtime="20240411 12:33:12.504"/>
</kw>
<kw name="Maximize Browser Window" library="SeleniumLibrary">
<doc>Maximizes current browser window.</doc>
<status status="PASS" starttime="20240411 12:33:12.505" endtime="20240411 12:33:12.875"/>
</kw>
<kw name="Wait Until Element Is Visible" library="SeleniumLibrary">
<arg>xpath=//*[@id="cookie-banner-lgpd"]/div/div[2]/button</arg>
<arg>60s</arg>
<doc>Waits until the element ``locator`` is visible.</doc>
<status status="PASS" starttime="20240411 12:33:12.876" endtime="20240411 12:33:14.244"/>
</kw>
<kw name="Click Button" library="SeleniumLibrary">
<arg>xpath=//*[@id="cookie-banner-lgpd"]/div/div[2]/button</arg>
<doc>Clicks the button identified by ``locator``.</doc>
<msg timestamp="20240411 12:33:14.248" level="INFO">Clicking button 'xpath=//*[@id="cookie-banner-lgpd"]/div/div[2]/button'.</msg>
<status status="PASS" starttime="20240411 12:33:14.245" endtime="20240411 12:33:14.868"/>
</kw>
<status status="PASS" starttime="20240411 12:32:59.810" endtime="20240411 12:33:14.869"/>
</kw>
<kw name="E busco pelo filtro de datas com datas estabelecidas" library="keywords">
<kw name="Input Text" library="SeleniumLibrary">
<arg>xpath=//html/body/header/div[2]/div[3]/div[2]/div/div/form/input</arg>
<arg>${busca}</arg>
<doc>Types the given ``text`` into the text field identified by ``locator``.</doc>
<msg timestamp="20240411 12:33:14.873" level="INFO">Typing text 'Futebol' into text field 'xpath=//html/body/header/div[2]/div[3]/div[2]/div/div/form/input'.</msg>
<status status="PASS" starttime="20240411 12:33:14.871" endtime="20240411 12:33:15.686"/>
</kw>
<kw name="Press Keys" library="SeleniumLibrary">
<arg>xpath=//html/body/header/div[2]/div[3]/div[2]/div/div/form/input</arg>
<arg>ENTER</arg>
<doc>Simulates the user pressing key(s) to an element or on the active browser.</doc>
<msg timestamp="20240411 12:33:15.689" level="INFO">Sending key(s) ('ENTER',) to xpath=//html/body/header/div[2]/div[3]/div[2]/div/div/form/input element.</msg>
<msg timestamp="20240411 12:33:16.293" level="INFO">Pressing special key ENTER to element.</msg>
<msg timestamp="20240411 12:33:16.294" level="INFO">Releasing special key ENTER.</msg>
<status status="PASS" starttime="20240411 12:33:15.686" endtime="20240411 12:33:17.754"/>
</kw>
<kw name="Wait Until Element Is Visible" library="SeleniumLibrary">
<arg>xpath=//html/body/div/div/div[1]/div/div/div[2]/div/a/span[2]</arg>
<arg>10s</arg>
<doc>Waits until the element ``locator`` is visible.</doc>
<status status="PASS" starttime="20240411 12:33:17.755" endtime="20240411 12:33:17.801"/>
</kw>
<kw name="Click Element" library="SeleniumLibrary">
<arg>xpath=//html/body/div/div/div[1]/div/div/div[2]/div/a/span[2]</arg>
<doc>Click the element identified by ``locator``.</doc>
<msg timestamp="20240411 12:33:17.803" level="INFO">Clicking element 'xpath=//html/body/div/div/div[1]/div/div/div[2]/div/a/span[2]'.</msg>
<status status="PASS" starttime="20240411 12:33:17.802" endtime="20240411 12:33:17.874"/>
</kw>
<kw name="Click Element" library="SeleniumLibrary">
<arg>xpath=//html/body/div/div/div[1]/div/div/div[2]/div/ul/li[8]/span</arg>
<doc>Click the element identified by ``locator``.</doc>
<msg timestamp="20240411 12:33:17.876" level="INFO">Clicking element 'xpath=//html/body/div/div/div[1]/div/div/div[2]/div/ul/li[8]/span'.</msg>
<status status="PASS" starttime="20240411 12:33:17.874" endtime="20240411 12:33:18.138"/>
</kw>
<kw name="Wait Until Element Is Visible" library="SeleniumLibrary">
<arg>xpath=//html/body/div/div/div[1]/div/div/div[2]/div[1]/div/div[2]/div/div/div/div[2]/div[1]/div[1]</arg>
<arg>15s</arg>
<doc>Waits until the element ``locator`` is visible.</doc>
<status status="PASS" starttime="20240411 12:33:18.139" endtime="20240411 12:33:18.323"/>
</kw>
<for flavor="IN RANGE">
<var>${index}</var>
<value>17</value>
<iter>
<var name="${index}">0</var>
<kw name="Click Element" library="SeleniumLibrary">
<arg>xpath=//*[@id="search-filter-component"]/div/div[1]/div/div/div[2]/div[1]/div/div[2]/div/div/div/div[2]/div[1]/div[1]</arg>
<doc>Click the element identified by ``locator``.</doc>
<msg timestamp="20240411 12:33:18.326" level="INFO">Clicking element 'xpath=//*[@id="search-filter-component"]/div/div[1]/div/div/div[2]/div[1]/div/div[2]/div/div/div/div[2]/div[1]/div[1]'.</msg>
<status status="PASS" starttime="20240411 12:33:18.325" endtime="20240411 12:33:18.440"/>
</kw>
<kw name="Sleep" library="BuiltIn">
<arg>1s</arg>
<doc>Pauses the test executed for the given time.</doc>
<msg timestamp="20240411 12:33:19.442" level="INFO">Slept 1 second</msg>
<status status="PASS" starttime="20240411 12:33:18.440" endtime="20240411 12:33:19.442"/>
</kw>
<status status="PASS" starttime="20240411 12:33:18.325" endtime="20240411 12:33:19.443"/>
</iter>
<iter>
<var name="${index}">1</var>
<kw name="Click Element" library="SeleniumLibrary">
<arg>xpath=//*[@id="search-filter-component"]/div/div[1]/div/div/div[2]/div[1]/div/div[2]/div/div/div/div[2]/div[1]/div[1]</arg>
<doc>Click the element identified by ``locator``.</doc>
<msg timestamp="20240411 12:33:19.444" level="INFO">Clicking element 'xpath=//*[@id="search-filter-component"]/div/div[1]/div/div/div[2]/div[1]/div/div[2]/div/div/div/div[2]/div[1]/div[1]'.</msg>
<status status="PASS" starttime="20240411 12:33:19.443" endtime="20240411 12:33:19.528"/>
</kw>
<kw name="Sleep" library="BuiltIn">
<arg>1s</arg>
<doc>Pauses the test executed for the given time.</doc>
<msg timestamp="20240411 12:33:20.533" level="INFO">Slept 1 second</msg>
<status status="PASS" starttime="20240411 12:33:19.531" endtime="20240411 12:33:20.533"/>
</kw>
<status status="PASS" starttime="20240411 12:33:19.443" endtime="20240411 12:33:20.534"/>
</iter>
<iter>
<var name="${index}">2</var>
<kw name="Click Element" library="SeleniumLibrary">
<arg>xpath=//*[@id="search-filter-component"]/div/div[1]/div/div/div[2]/div[1]/div/div[2]/div/div/div/div[2]/div[1]/div[1]</arg>
<doc>Click the element identified by ``locator``.</doc>
<msg timestamp="20240411 12:33:20.538" level="INFO">Clicking element 'xpath=//*[@id="search-filter-component"]/div/div[1]/div/div/div[2]/div[1]/div/div[2]/div/div/div/div[2]/div[1]/div[1]'.</msg>
<status status="PASS" starttime="20240411 12:33:20.536" endtime="20240411 12:33:20.758"/>
</kw>
<kw name="Sleep" library="BuiltIn">
<arg>1s</arg>
<doc>Pauses the test executed for the given time.</doc>
<msg timestamp="20240411 12:33:21.760" level="INFO">Slept 1 second</msg>
<status status="PASS" starttime="20240411 12:33:20.759" endtime="20240411 12:33:21.760"/>
</kw>
<status status="PASS" starttime="20240411 12:33:20.534" endtime="20240411 12:33:21.760"/>
</iter>
<iter>
<var name="${index}">3</var>
<kw name="Click Element" library="SeleniumLibrary">
<arg>xpath=//*[@id="search-filter-component"]/div/div[1]/div/div/div[2]/div[1]/div/div[2]/div/div/div/div[2]/div[1]/div[1]</arg>
<doc>Click the element identified by ``locator``.</doc>
<msg timestamp="20240411 12:33:21.766" level="INFO">Clicking element 'xpath=//*[@id="search-filter-component"]/div/div[1]/div/div/div[2]/div[1]/div/div[2]/div/div/div/div[2]/div[1]/div[1]'.</msg>
<status status="PASS" starttime="20240411 12:33:21.761" endtime="20240411 12:33:21.886"/>
</kw>
<kw name="Sleep" library="BuiltIn">
<arg>1s</arg>
<doc>Pauses the test executed for the given time.</doc>
<msg timestamp="20240411 12:33:22.889" level="INFO">Slept 1 second</msg>
<status status="PASS" starttime="20240411 12:33:21.887" endtime="20240411 12:33:22.889"/>
</kw>
<status status="PASS" starttime="20240411 12:33:21.761" endtime="20240411 12:33:22.889"/>
</iter>
<iter>
<var name="${index}">4</var>
<kw name="Click Element" library="SeleniumLibrary">
<arg>xpath=//*[@id="search-filter-component"]/div/div[1]/div/div/div[2]/div[1]/div/div[2]/div/div/div/div[2]/div[1]/div[1]</arg>
<doc>Click the element identified by ``locator``.</doc>
<msg timestamp="20240411 12:33:22.892" level="INFO">Clicking element 'xpath=//*[@id="search-filter-component"]/div/div[1]/div/div/div[2]/div[1]/div/div[2]/div/div/div/div[2]/div[1]/div[1]'.</msg>
<status status="PASS" starttime="20240411 12:33:22.890" endtime="20240411 12:33:22.976"/>
</kw>
<kw name="Sleep" library="BuiltIn">
<arg>1s</arg>
<doc>Pauses the test executed for the given time.</doc>
<msg timestamp="20240411 12:33:23.978" level="INFO">Slept 1 second</msg>
<status status="PASS" starttime="20240411 12:33:22.977" endtime="20240411 12:33:23.978"/>
</kw>
<status status="PASS" starttime="20240411 12:33:22.890" endtime="20240411 12:33:23.980"/>
</iter>
<iter>
<var name="${index}">5</var>
<kw name="Click Element" library="SeleniumLibrary">
<arg>xpath=//*[@id="search-filter-component"]/div/div[1]/div/div/div[2]/div[1]/div/div[2]/div/div/div/div[2]/div[1]/div[1]</arg>
<doc>Click the element identified by ``locator``.</doc>
<msg timestamp="20240411 12:33:23.984" level="INFO">Clicking element 'xpath=//*[@id="search-filter-component"]/div/div[1]/div/div/div[2]/div[1]/div/div[2]/div/div/div/div[2]/div[1]/div[1]'.</msg>
<status status="PASS" starttime="20240411 12:33:23.982" endtime="20240411 12:33:24.110"/>
</kw>
<kw name="Sleep" library="BuiltIn">
<arg>1s</arg>
<doc>Pauses the test executed for the given time.</doc>
<msg timestamp="20240411 12:33:25.111" level="INFO">Slept 1 second</msg>
<status status="PASS" starttime="20240411 12:33:24.110" endtime="20240411 12:33:25.111"/>
</kw>
<status status="PASS" starttime="20240411 12:33:23.981" endtime="20240411 12:33:25.113"/>
</iter>
<iter>
<var name="${index}">6</var>
<kw name="Click Element" library="SeleniumLibrary">
<arg>xpath=//*[@id="search-filter-component"]/div/div[1]/div/div/div[2]/div[1]/div/div[2]/div/div/div/div[2]/div[1]/div[1]</arg>
<doc>Click the element identified by ``locator``.</doc>
<msg timestamp="20240411 12:33:25.117" level="INFO">Clicking element 'xpath=//*[@id="search-filter-component"]/div/div[1]/div/div/div[2]/div[1]/div/div[2]/div/div/div/div[2]/div[1]/div[1]'.</msg>
<status status="PASS" starttime="20240411 12:33:25.115" endtime="20240411 12:33:25.234"/>
</kw>
<kw name="Sleep" library="BuiltIn">
<arg>1s</arg>
<doc>Pauses the test executed for the given time.</doc>
<msg timestamp="20240411 12:33:26.236" level="INFO">Slept 1 second</msg>
<status status="PASS" starttime="20240411 12:33:25.234" endtime="20240411 12:33:26.236"/>
</kw>
<status status="PASS" starttime="20240411 12:33:25.114" endtime="20240411 12:33:26.237"/>
</iter>
<iter>
<var name="${index}">7</var>
<kw name="Click Element" library="SeleniumLibrary">
<arg>xpath=//*[@id="search-filter-component"]/div/div[1]/div/div/div[2]/div[1]/div/div[2]/div/div/div/div[2]/div[1]/div[1]</arg>
<doc>Click the element identified by ``locator``.</doc>
<msg timestamp="20240411 12:33:26.240" level="INFO">Clicking element 'xpath=//*[@id="search-filter-component"]/div/div[1]/div/div/div[2]/div[1]/div/div[2]/div/div/div/div[2]/div[1]/div[1]'.</msg>
<status status="PASS" starttime="20240411 12:33:26.238" endtime="20240411 12:33:26.338"/>
</kw>
<kw name="Sleep" library="BuiltIn">
<arg>1s</arg>
<doc>Pauses the test executed for the given time.</doc>
<msg timestamp="20240411 12:33:27.340" level="INFO">Slept 1 second</msg>
<status status="PASS" starttime="20240411 12:33:26.339" endtime="20240411 12:33:27.340"/>
</kw>
<status status="PASS" starttime="20240411 12:33:26.237" endtime="20240411 12:33:27.341"/>
</iter>
<iter>
<var name="${index}">8</var>
<kw name="Click Element" library="SeleniumLibrary">
<arg>xpath=//*[@id="search-filter-component"]/div/div[1]/div/div/div[2]/div[1]/div/div[2]/div/div/div/div[2]/div[1]/div[1]</arg>
<doc>Click the element identified by ``locator``.</doc>
<msg timestamp="20240411 12:33:27.343" level="INFO">Clicking element 'xpath=//*[@id="search-filter-component"]/div/div[1]/div/div/div[2]/div[1]/div/div[2]/div/div/div/div[2]/div[1]/div[1]'.</msg>
<status status="PASS" starttime="20240411 12:33:27.341" endtime="20240411 12:33:27.441"/>
</kw>
<kw name="Sleep" library="BuiltIn">
<arg>1s</arg>
<doc>Pauses the test executed for the given time.</doc>
<msg timestamp="20240411 12:33:28.444" level="INFO">Slept 1 second</msg>
<status status="PASS" starttime="20240411 12:33:27.442" endtime="20240411 12:33:28.444"/>
</kw>
<status status="PASS" starttime="20240411 12:33:27.341" endtime="20240411 12:33:28.445"/>
</iter>
<iter>
<var name="${index}">9</var>
<kw name="Click Element" library="SeleniumLibrary">
<arg>xpath=//*[@id="search-filter-component"]/div/div[1]/div/div/div[2]/div[1]/div/div[2]/div/div/div/div[2]/div[1]/div[1]</arg>
<doc>Click the element identified by ``locator``.</doc>
<msg timestamp="20240411 12:33:28.450" level="INFO">Clicking element 'xpath=//*[@id="search-filter-component"]/div/div[1]/div/div/div[2]/div[1]/div/div[2]/div/div/div/div[2]/div[1]/div[1]'.</msg>
<status status="PASS" starttime="20240411 12:33:28.448" endtime="20240411 12:33:28.557"/>
</kw>
<kw name="Sleep" library="BuiltIn">
<arg>1s</arg>
<doc>Pauses the test executed for the given time.</doc>
<msg timestamp="20240411 12:33:29.561" level="INFO">Slept 1 second</msg>
<status status="PASS" starttime="20240411 12:33:28.558" endtime="20240411 12:33:29.561"/>
</kw>
<status status="PASS" starttime="20240411 12:33:28.445" endtime="20240411 12:33:29.561"/>
</iter>
<iter>
<var name="${index}">10</var>
<kw name="Click Element" library="SeleniumLibrary">
<arg>xpath=//*[@id="search-filter-component"]/div/div[1]/div/div/div[2]/div[1]/div/div[2]/div/div/div/div[2]/div[1]/div[1]</arg>
<doc>Click the element identified by ``locator``.</doc>
<msg timestamp="20240411 12:33:29.565" level="INFO">Clicking element 'xpath=//*[@id="search-filter-component"]/div/div[1]/div/div/div[2]/div[1]/div/div[2]/div/div/div/div[2]/div[1]/div[1]'.</msg>
<status status="PASS" starttime="20240411 12:33:29.562" endtime="20240411 12:33:29.644"/>
</kw>
<kw name="Sleep" library="BuiltIn">
<arg>1s</arg>
<doc>Pauses the test executed for the given time.</doc>
<msg timestamp="20240411 12:33:30.645" level="INFO">Slept 1 second</msg>
<status status="PASS" starttime="20240411 12:33:29.644" endtime="20240411 12:33:30.649"/>
</kw>
<status status="PASS" starttime="20240411 12:33:29.562" endtime="20240411 12:33:30.650"/>
</iter>
<iter>
<var name="${index}">11</var>
<kw name="Click Element" library="SeleniumLibrary">
<arg>xpath=//*[@id="search-filter-component"]/div/div[1]/div/div/div[2]/div[1]/div/div[2]/div/div/div/div[2]/div[1]/div[1]</arg>
<doc>Click the element identified by ``locator``.</doc>
<msg timestamp="20240411 12:33:30.655" level="INFO">Clicking element 'xpath=//*[@id="search-filter-component"]/div/div[1]/div/div/div[2]/div[1]/div/div[2]/div/div/div/div[2]/div[1]/div[1]'.</msg>
<status status="PASS" starttime="20240411 12:33:30.652" endtime="20240411 12:33:30.741"/>
</kw>
<kw name="Sleep" library="BuiltIn">
<arg>1s</arg>
<doc>Pauses the test executed for the given time.</doc>
<msg timestamp="20240411 12:33:31.744" level="INFO">Slept 1 second</msg>
<status status="PASS" starttime="20240411 12:33:30.742" endtime="20240411 12:33:31.744"/>
</kw>
<status status="PASS" starttime="20240411 12:33:30.650" endtime="20240411 12:33:31.745"/>
</iter>
<iter>
<var name="${index}">12</var>
<kw name="Click Element" library="SeleniumLibrary">
<arg>xpath=//*[@id="search-filter-component"]/div/div[1]/div/div/div[2]/div[1]/div/div[2]/div/div/div/div[2]/div[1]/div[1]</arg>
<doc>Click the element identified by ``locator``.</doc>
<msg timestamp="20240411 12:33:31.748" level="INFO">Clicking element 'xpath=//*[@id="search-filter-component"]/div/div[1]/div/div/div[2]/div[1]/div/div[2]/div/div/div/div[2]/div[1]/div[1]'.</msg>
<status status="PASS" starttime="20240411 12:33:31.745" endtime="20240411 12:33:31.829"/>
</kw>
<kw name="Sleep" library="BuiltIn">
<arg>1s</arg>
<doc>Pauses the test executed for the given time.</doc>
<msg timestamp="20240411 12:33:32.833" level="INFO">Slept 1 second</msg>
<status status="PASS" starttime="20240411 12:33:31.831" endtime="20240411 12:33:32.833"/>
</kw>
<status status="PASS" starttime="20240411 12:33:31.745" endtime="20240411 12:33:32.834"/>
</iter>
<iter>
<var name="${index}">13</var>
<kw name="Click Element" library="SeleniumLibrary">
<arg>xpath=//*[@id="search-filter-component"]/div/div[1]/div/div/div[2]/div[1]/div/div[2]/div/div/div/div[2]/div[1]/div[1]</arg>
<doc>Click the element identified by ``locator``.</doc>
<msg timestamp="20240411 12:33:32.836" level="INFO">Clicking element 'xpath=//*[@id="search-filter-component"]/div/div[1]/div/div/div[2]/div[1]/div/div[2]/div/div/div/div[2]/div[1]/div[1]'.</msg>
<status status="PASS" starttime="20240411 12:33:32.835" endtime="20240411 12:33:32.955"/>
</kw>
<kw name="Sleep" library="BuiltIn">
<arg>1s</arg>
<doc>Pauses the test executed for the given time.</doc>
<msg timestamp="20240411 12:33:33.957" level="INFO">Slept 1 second</msg>
<status status="PASS" starttime="20240411 12:33:32.955" endtime="20240411 12:33:33.957"/>
</kw>
<status status="PASS" starttime="20240411 12:33:32.834" endtime="20240411 12:33:33.958"/>
</iter>
<iter>
<var name="${index}">14</var>
<kw name="Click Element" library="SeleniumLibrary">
<arg>xpath=//*[@id="search-filter-component"]/div/div[1]/div/div/div[2]/div[1]/div/div[2]/div/div/div/div[2]/div[1]/div[1]</arg>
<doc>Click the element identified by ``locator``.</doc>
<msg timestamp="20240411 12:33:33.959" level="INFO">Clicking element 'xpath=//*[@id="search-filter-component"]/div/div[1]/div/div/div[2]/div[1]/div/div[2]/div/div/div/div[2]/div[1]/div[1]'.</msg>
<status status="PASS" starttime="20240411 12:33:33.958" endtime="20240411 12:33:34.039"/>
</kw>
<kw name="Sleep" library="BuiltIn">
<arg>1s</arg>
<doc>Pauses the test executed for the given time.</doc>
<msg timestamp="20240411 12:33:35.042" level="INFO">Slept 1 second</msg>
<status status="PASS" starttime="20240411 12:33:34.040" endtime="20240411 12:33:35.042"/>
</kw>
<status status="PASS" starttime="20240411 12:33:33.958" endtime="20240411 12:33:35.043"/>
</iter>
<iter>
<var name="${index}">15</var>
<kw name="Click Element" library="SeleniumLibrary">
<arg>xpath=//*[@id="search-filter-component"]/div/div[1]/div/div/div[2]/div[1]/div/div[2]/div/div/div/div[2]/div[1]/div[1]</arg>
<doc>Click the element identified by ``locator``.</doc>
<msg timestamp="20240411 12:33:35.045" level="INFO">Clicking element 'xpath=//*[@id="search-filter-component"]/div/div[1]/div/div/div[2]/div[1]/div/div[2]/div/div/div/div[2]/div[1]/div[1]'.</msg>
<status status="PASS" starttime="20240411 12:33:35.044" endtime="20240411 12:33:35.125"/>
</kw>
<kw name="Sleep" library="BuiltIn">
<arg>1s</arg>
<doc>Pauses the test executed for the given time.</doc>
<msg timestamp="20240411 12:33:36.126" level="INFO">Slept 1 second</msg>
<status status="PASS" starttime="20240411 12:33:35.125" endtime="20240411 12:33:36.126"/>
</kw>
<status status="PASS" starttime="20240411 12:33:35.043" endtime="20240411 12:33:36.126"/>
</iter>
<iter>
<var name="${index}">16</var>
<kw name="Click Element" library="SeleniumLibrary">
<arg>xpath=//*[@id="search-filter-component"]/div/div[1]/div/div/div[2]/div[1]/div/div[2]/div/div/div/div[2]/div[1]/div[1]</arg>
<doc>Click the element identified by ``locator``.</doc>
<msg timestamp="20240411 12:33:36.128" level="INFO">Clicking element 'xpath=//*[@id="search-filter-component"]/div/div[1]/div/div/div[2]/div[1]/div/div[2]/div/div/div/div[2]/div[1]/div[1]'.</msg>
<status status="PASS" starttime="20240411 12:33:36.127" endtime="20240411 12:33:36.212"/>
</kw>
<kw name="Sleep" library="BuiltIn">
<arg>1s</arg>
<doc>Pauses the test executed for the given time.</doc>
<msg timestamp="20240411 12:33:37.215" level="INFO">Slept 1 second</msg>
<status status="PASS" starttime="20240411 12:33:36.214" endtime="20240411 12:33:37.216"/>
</kw>
<status status="PASS" starttime="20240411 12:33:36.127" endtime="20240411 12:33:37.217"/>
</iter>
<status status="PASS" starttime="20240411 12:33:18.324" endtime="20240411 12:33:37.217"/>
</for>
<status status="PASS" starttime="20240411 12:33:14.870" endtime="20240411 12:33:37.217"/>
</kw>
<kw name="Então seleciono um artigo" library="keywords">
<kw name="Click Element" library="SeleniumLibrary">
<arg>xpath=//html/body/div/div/div[1]/div/div/div[2]/div[1]/div/div[2]/div/div/div/div[2]/div[2]/div/div[2]/div/table/tbody/tr[1]/td[3]</arg>
<doc>Click the element identified by ``locator``.</doc>
<msg timestamp="20240411 12:33:37.222" level="INFO">Clicking element 'xpath=//html/body/div/div/div[1]/div/div/div[2]/div[1]/div/div[2]/div/div/div/div[2]/div[2]/div/div[2]/div/table/tbody/tr[1]/td[3]'.</msg>
<status status="PASS" starttime="20240411 12:33:37.220" endtime="20240411 12:33:37.423"/>
</kw>
<kw name="Click Element" library="SeleniumLibrary">
<arg>xpath=//html/body/div/div/div[1]/div/div/div[2]/div[1]/div/div[2]/div/div/div/div[2]/div[2]/div/div[2]/div/table/tbody/tr[5]/td[4]</arg>
<doc>Click the element identified by ``locator``.</doc>
<msg timestamp="20240411 12:33:37.426" level="INFO">Clicking element 'xpath=//html/body/div/div/div[1]/div/div/div[2]/div[1]/div/div[2]/div/div/div/div[2]/div[2]/div/div[2]/div/table/tbody/tr[5]/td[4]'.</msg>
<status status="PASS" starttime="20240411 12:33:37.424" endtime="20240411 12:33:37.588"/>
</kw>
<kw name="Click Button" library="SeleniumLibrary">
<arg>xpath=//html/body/div/div/div[1]/div/div/div[2]/div[1]/div/div[3]/button</arg>
<doc>Clicks the button identified by ``locator``.</doc>
<msg timestamp="20240411 12:33:37.589" level="INFO">Clicking button 'xpath=//html/body/div/div/div[1]/div/div/div[2]/div[1]/div/div[3]/button'.</msg>
<status status="PASS" starttime="20240411 12:33:37.588" endtime="20240411 12:33:37.791"/>
</kw>
<kw name="Click Element" library="SeleniumLibrary">
<arg>xpath=//html/body/section/div/div/ul/li[5]/div[3]/a/div[1]</arg>
<doc>Click the element identified by ``locator``.</doc>
<msg timestamp="20240411 12:33:37.793" level="INFO">Clicking element 'xpath=//html/body/section/div/div/ul/li[5]/div[3]/a/div[1]'.</msg>
<status status="PASS" starttime="20240411 12:33:37.791" endtime="20240411 12:33:45.372"/>
</kw>
<kw name="Sleep" library="BuiltIn">
<arg>5s</arg>
<doc>Pauses the test executed for the given time.</doc>
<msg timestamp="20240411 12:33:50.374" level="INFO">Slept 5 seconds</msg>
<status status="PASS" starttime="20240411 12:33:45.372" endtime="20240411 12:33:50.374"/>
</kw>
<kw name="Capture Page Screenshot" library="SeleniumLibrary">
<doc>Takes a screenshot of the current page and embeds it into a log file.</doc>
<msg timestamp="20240411 12:33:50.859" level="INFO" html="true">&lt;/td&gt;&lt;/tr&gt;&lt;tr&gt;&lt;td colspan="3"&gt;&lt;a href="selenium-screenshot-2.png"&gt;&lt;img src="selenium-screenshot-2.png" width="800px"&gt;&lt;/a&gt;</msg>
<status status="PASS" starttime="20240411 12:33:50.375" endtime="20240411 12:33:50.860"/>
</kw>
<kw name="Sleep" library="BuiltIn">
<arg>5s</arg>
<doc>Pauses the test executed for the given time.</doc>
<msg timestamp="20240411 12:33:55.862" level="INFO">Slept 5 seconds</msg>
<status status="PASS" starttime="20240411 12:33:50.860" endtime="20240411 12:33:55.865"/>
</kw>
<kw name="Close Browser" library="SeleniumLibrary">
<doc>Closes the current browser.</doc>
<status status="PASS" starttime="20240411 12:33:55.865" endtime="20240411 12:33:58.605"/>
</kw>
<status status="PASS" starttime="20240411 12:33:37.219" endtime="20240411 12:33:58.606"/>
</kw>
<status status="PASS" starttime="20240411 12:32:59.808" endtime="20240411 12:33:58.607"/>
</test>
<status status="PASS" starttime="20240411 12:32:59.416" endtime="20240411 12:33:58.611"/>
</suite>
<status status="PASS" starttime="20240411 12:32:59.373" endtime="20240411 12:33:58.618"/>
</suite>
<statistics>
<total>
<stat pass="1" fail="0" skip="0">All Tests</stat>
</total>
<tag>
</tag>
<suite>
<stat pass="1" fail="0" skip="0" id="s1" name="projetoGlobo">projetoGlobo</stat>
<stat pass="1" fail="0" skip="0" id="s1-s1" name="Test">projetoGlobo.Test</stat>
</suite>
</statistics>
<errors>
</errors>
</robot>
